Build started 2/23/2015 10:58:05 PM.
     1>Project "C:\Users\Alan\Documents\Visual Studio 2010\Kinect_OpenCV_FingerDetectionBeta\Kinect_OpenCV_FingerDetectionBeta\Kinect_OpenCV_FingerDetectionBeta.vcxproj" on node 2 (build target(s)).
     1>InitializeBuildStatus:
         Creating "x64\Debug\Kinect_OpenCV_FingerDetectionBeta.unsuccessfulbuild" because "AlwaysCreate" was specified.
       ClCompile:
         All outputs are up-to-date.
         c:\Program Files (x86)\Microsoft Visual Studio 10.0\VC\bin\x86_amd64\CL.exe /c /IC:\OpenCV2.4.1\opencv\build\include /IC:\OpenCV2.4.1\opencv\build\include\opencv2 /IC:\OpenCV2.4.1\opencv\build\include\opencv /IC:\OpenCV2.4.1\opencv\include\opencv2 /IC:\OpenCV2.4.1\opencv\include\opencv /I"C:\Program Files\OpenNI2\Include\\" /Zi /nologo /W3 /WX- /Od /D WIN32 /D _DEBUG /D _CONSOLE /D _UNICODE /D UNICODE /Gm /EHsc /RTC1 /MDd /GS /fp:precise /Zc:wchar_t /Zc:forScope /Yu"StdAfx.h" /Fp"x64\Debug\Kinect_OpenCV_FingerDetectionBeta.pch" /Fo"x64\Debug\\" /Fd"x64\Debug\vc100.pdb" /Gd /TP /errorReport:prompt ..\..\Projects\KalmanFilterExample\KalmanFilterExample\KalmanFilterExample.cpp
         KalmanFilterExample.cpp
     1>..\..\Projects\KalmanFilterExample\KalmanFilterExample\KalmanFilterExample.cpp(36): warning C4996: 'strcpy': This function or variable may be unsafe. Consider using strcpy_s instead. To disable deprecation, use _CRT_SECURE_NO_WARNINGS. See online help for details.
                 c:\Program Files (x86)\Microsoft Visual Studio 10.0\VC\include\string.h(105) : see declaration of 'strcpy'
     1>..\..\Projects\KalmanFilterExample\KalmanFilterExample\KalmanFilterExample.cpp(37): warning C4996: 'strcat': This function or variable may be unsafe. Consider using strcat_s instead. To disable deprecation, use _CRT_SECURE_NO_WARNINGS. See online help for details.
                 c:\Program Files (x86)\Microsoft Visual Studio 10.0\VC\include\string.h(110) : see declaration of 'strcat'
     1>..\..\Projects\KalmanFilterExample\KalmanFilterExample\KalmanFilterExample.cpp(108): warning C4244: '=' : conversion from 'int' to 'float', possible loss of data
     1>..\..\Projects\KalmanFilterExample\KalmanFilterExample\KalmanFilterExample.cpp(109): warning C4244: '=' : conversion from 'int' to 'float', possible loss of data
     1>..\..\Projects\KalmanFilterExample\KalmanFilterExample\KalmanFilterExample.cpp(135): warning C4244: 'argument' : conversion from 'float' to 'int', possible loss of data
     1>..\..\Projects\KalmanFilterExample\KalmanFilterExample\KalmanFilterExample.cpp(135): warning C4244: 'argument' : conversion from 'float' to 'int', possible loss of data
     1>..\..\Projects\KalmanFilterExample\KalmanFilterExample\KalmanFilterExample.cpp(140): warning C4244: '=' : conversion from 'int' to 'float', possible loss of data
     1>..\..\Projects\KalmanFilterExample\KalmanFilterExample\KalmanFilterExample.cpp(141): warning C4244: '=' : conversion from 'int' to 'float', possible loss of data
     1>..\..\Projects\KalmanFilterExample\KalmanFilterExample\KalmanFilterExample.cpp(143): warning C4244: 'argument' : conversion from 'float' to 'int', possible loss of data
     1>..\..\Projects\KalmanFilterExample\KalmanFilterExample\KalmanFilterExample.cpp(143): warning C4244: 'argument' : conversion from 'float' to 'int', possible loss of data
     1>..\..\Projects\KalmanFilterExample\KalmanFilterExample\KalmanFilterExample.cpp(149): warning C4244: 'argument' : conversion from 'float' to 'int', possible loss of data
     1>..\..\Projects\KalmanFilterExample\KalmanFilterExample\KalmanFilterExample.cpp(149): warning C4244: 'argument' : conversion from 'float' to 'int', possible loss of data
       Link:
         c:\Program Files (x86)\Microsoft Visual Studio 10.0\VC\bin\x86_amd64\link.exe /ERRORREPORT:PROMPT /OUT:"C:\Users\Alan\Documents\Visual Studio 2010\Kinect_OpenCV_FingerDetectionBeta\x64\Debug\Kinect_OpenCV_FingerDetectionBeta.exe" /INCREMENTAL:NO /NOLOGO /LIBPATH:C:\OpenCV2.4.1\opencv\build\x64\vc10 /LIBPATH:C:\OpenCV2.4.1\opencv\build\x64\vc10\bin /LIBPATH:C:\OpenCV2.4.1\opencv\build\x64\vc10\lib /LIBPATH:C:\OpenCV2.4.1\opencv\build\x64\vc10\staticlib /LIBPATH:"C:\Program Files\OpenNI2\Lib\\" OpenNI2.lib opencv_calib3d241d.lib opencv_contrib241d.lib opencv_core241d.lib opencv_features2d241d.lib opencv_flann241d.lib opencv_gpu241d.lib opencv_haartraining_engined.lib opencv_highgui241d.lib opencv_imgproc241d.lib opencv_legacy241d.lib opencv_ml241d.lib opencv_nonfree241d.lib opencv_objdetect241d.lib opencv_photo241d.lib opencv_stitching241d.lib opencv_ts241d.lib opencv_video241d.lib opencv_videostab241d.lib kernel32.lib user32.lib gdi32.lib winspool.lib comdlg32.lib advapi32.lib shell32.lib ole32.lib oleaut32.lib uuid.lib odbc32.lib odbccp32.lib /MANIFEST /ManifestFile:"x64\Debug\Kinect_OpenCV_FingerDetectionBeta.exe.intermediate.manifest" /MANIFESTUAC:"level='asInvoker' uiAccess='false'" /DEBUG /PDB:"C:\Users\Alan\Documents\Visual Studio 2010\Kinect_OpenCV_FingerDetectionBeta\x64\Debug\Kinect_OpenCV_FingerDetectionBeta.pdb" /SUBSYSTEM:CONSOLE /TLBID:1 /DYNAMICBASE /NXCOMPAT /IMPLIB:"C:\Users\Alan\Documents\Visual Studio 2010\Kinect_OpenCV_FingerDetectionBeta\x64\Debug\Kinect_OpenCV_FingerDetectionBeta.lib" /MACHINE:X64 x64\Debug\KalmanFilterExample.obj
         x64\Debug\stdafx.obj
         Kinect_OpenCV_FingerDetectionBeta.vcxproj -> C:\Users\Alan\Documents\Visual Studio 2010\Kinect_OpenCV_FingerDetectionBeta\x64\Debug\Kinect_OpenCV_FingerDetectionBeta.exe
       Manifest:
         C:\Program Files (x86)\Microsoft SDKs\Windows\v7.0A\bin\mt.exe /nologo /verbose /outputresource:"C:\Users\Alan\Documents\Visual Studio 2010\Kinect_OpenCV_FingerDetectionBeta\x64\Debug\Kinect_OpenCV_FingerDetectionBeta.exe;#1" /manifest x64\Debug\Kinect_OpenCV_FingerDetectionBeta.exe.intermediate.manifest
       FinalizeBuildStatus:
         Deleting file "x64\Debug\Kinect_OpenCV_FingerDetectionBeta.unsuccessfulbuild".
         Touching "x64\Debug\Kinect_OpenCV_FingerDetectionBeta.lastbuildstate".
     1>Done Building Project "C:\Users\Alan\Documents\Visual Studio 2010\Kinect_OpenCV_FingerDetectionBeta\Kinect_OpenCV_FingerDetectionBeta\Kinect_OpenCV_FingerDetectionBeta.vcxproj" (build target(s)).

Build succeeded.

Time Elapsed 00:00:03.00
